2013-07-04 12:39:14,043 ERROR [NmeaTcpSensor] Could not connect to NMEA source: localhost: Connection refused: connect
2013-07-04 12:39:14,043 ERROR [NmeaTcpSensor] TCP NMEA sensor failed: Connection refused: connect retry in 5 seconds
2013-07-04 12:39:19,255 ERROR [ExceptionHandler] Uncaught exception from thread AWT-EventQueue-0
java.lang.NoSuchMethodError: dk.dma.epd.shore.gui.views.MSINotificationPanel$MSIRowListener.<init>(Ldk/dma/epd/shore/gui/views/MSINotificationPanel;Ldk/dma/epd/shore/gui/views/MSINotificationPanel$MSIRowListener;)V
	at dk.dma.epd.shore.gui.views.MSINotificationPanel.initTable(MSINotificationPanel.java:307)
	at dk.dma.epd.shore.gui.views.NotificationCenter.findAndInit(NotificationCenter.java:521)
	at dk.dma.epd.shore.gui.utils.ComponentFrame.findAndInit(ComponentFrame.java:107)
	at dk.dma.epd.shore.gui.utils.ComponentFrame.setBeanContext(ComponentFrame.java:198)
	at java.beans.beancontext.BeanContextSupport.add(Unknown Source)
	at dk.dma.epd.shore.gui.views.MainFrame.initGUI(MainFrame.java:465)
	at dk.dma.epd.shore.gui.views.MainFrame.<init>(MainFrame.java:108)
	at dk.dma.epd.shore.EPDShore.createAndShowGUI(EPDShore.java:312)
	at dk.dma.epd.shore.EPDShore.access$000(EPDShore.java:74)
	at dk.dma.epd.shore.EPDShore$1.run(EPDShore.java:210)
	at java.awt.event.InvocationEvent.dispatch(Unknown Source)
	at java.awt.EventQueue.dispatchEventImpl(Unknown Source)
	at java.awt.EventQueue.access$200(Unknown Source)
	at java.awt.EventQueue$3.run(Unknown Source)
	at java.awt.EventQueue$3.run(Unknown Source)
	at java.security.AccessController.doPrivileged(Native Method)
	at java.security.ProtectionDomain$1.doIntersectionPrivilege(Unknown Source)
	at java.awt.EventQueue.dispatchEvent(Unknown Source)
	at java.awt.EventDispatchThread.pumpOneEventForFilters(Unknown Source)
	at java.awt.EventDispatchThread.pumpEventsForFilter(Unknown Source)
	at java.awt.EventDispatchThread.pumpEventsForHierarchy(Unknown Source)
	at java.awt.EventDispatchThread.pumpEvents(Unknown Source)
	at java.awt.EventDispatchThread.pumpEvents(Unknown Source)
	at java.awt.EventDispatchThread.run(Unknown Source)
2013-07-04 12:39:20,037 ERROR [NmeaTcpSensor] Could not connect to NMEA source: localhost: Connection refused: connect
2013-07-04 12:39:20,037 ERROR [NmeaTcpSensor] TCP NMEA sensor failed: Connection refused: connect retry in 5 seconds
2013-07-04 12:39:26,037 ERROR [NmeaTcpSensor] Could not connect to NMEA source: localhost: Connection refused: connect
2013-07-04 12:39:26,037 ERROR [NmeaTcpSensor] TCP NMEA sensor failed: Connection refused: connect retry in 5 seconds
2013-07-04 12:39:56,662 ERROR [NmeaTcpSensor] Could not connect to NMEA source: localhost: Connection refused: connect
2013-07-04 12:39:56,662 ERROR [NmeaTcpSensor] TCP NMEA sensor failed: Connection refused: connect retry in 5 seconds
2013-07-04 12:39:57,056 ERROR [ExceptionHandler] Uncaught exception from thread AWT-EventQueue-0
java.lang.NoSuchMethodError: dk.dma.epd.shore.gui.views.MSINotificationPanel$MSIRowListener.<init>(Ldk/dma/epd/shore/gui/views/MSINotificationPanel;Ldk/dma/epd/shore/gui/views/MSINotificationPanel$MSIRowListener;)V
	at dk.dma.epd.shore.gui.views.MSINotificationPanel.initTable(MSINotificationPanel.java:307)
	at dk.dma.epd.shore.gui.views.NotificationCenter.findAndInit(NotificationCenter.java:521)
	at dk.dma.epd.shore.gui.utils.ComponentFrame.findAndInit(ComponentFrame.java:107)
	at dk.dma.epd.shore.gui.utils.ComponentFrame.setBeanContext(ComponentFrame.java:198)
	at java.beans.beancontext.BeanContextSupport.add(Unknown Source)
	at dk.dma.epd.shore.gui.views.MainFrame.initGUI(MainFrame.java:465)
	at dk.dma.epd.shore.gui.views.MainFrame.<init>(MainFrame.java:108)
	at dk.dma.epd.shore.EPDShore.createAndShowGUI(EPDShore.java:312)
	at dk.dma.epd.shore.EPDShore.access$000(EPDShore.java:74)
	at dk.dma.epd.shore.EPDShore$1.run(EPDShore.java:210)
	at java.awt.event.InvocationEvent.dispatch(Unknown Source)
	at java.awt.EventQueue.dispatchEventImpl(Unknown Source)
	at java.awt.EventQueue.access$200(Unknown Source)
	at java.awt.EventQueue$3.run(Unknown Source)
	at java.awt.EventQueue$3.run(Unknown Source)
	at java.security.AccessController.doPrivileged(Native Method)
	at java.security.ProtectionDomain$1.doIntersectionPrivilege(Unknown Source)
	at java.awt.EventQueue.dispatchEvent(Unknown Source)
	at java.awt.EventDispatchThread.pumpOneEventForFilters(Unknown Source)
	at java.awt.EventDispatchThread.pumpEventsForFilter(Unknown Source)
	at java.awt.EventDispatchThread.pumpEventsForHierarchy(Unknown Source)
	at java.awt.EventDispatchThread.pumpEvents(Unknown Source)
	at java.awt.EventDispatchThread.pumpEvents(Unknown Source)
	at java.awt.EventDispatchThread.run(Unknown Source)
2013-07-04 12:45:20,000 ERROR [NmeaTcpSensor] Could not connect to NMEA source: localhost: Connection refused: connect
2013-07-04 12:45:20,000 ERROR [NmeaTcpSensor] TCP NMEA sensor failed: Connection refused: connect retry in 5 seconds
2013-07-04 12:45:20,548 ERROR [EncLayerFactory] No enc.properties file found
